#
# There is insufficient memory for the Java Runtime Environment to continue.
# Cannot create GC thread. Out of system resources.
# Possible reasons:
#   The system is out of physical RAM or swap space
#   In 32 bit mode, the process size limit was hit
# Possible solutions:
#   Reduce memory load on the system
#   Increase physical memory or swap space
#   Check if swap backing store is full
#   Use 64 bit Java on a 64 bit OS
#   Decrease Java heap size (-Xmx/-Xms)
#   Decrease number of Java threads
#   Decrease Java thread stack sizes (-Xss)
#   Set larger code cache with -XX:ReservedCodeCacheSize=
# This output file may be truncated or incomplete.
#
#  Out of Memory Error (gcTaskThread.cpp:46), pid=7437, tid=3060591472
#
# JRE version: 6.0_31-b31
# Java VM: OpenJDK Server VM (23.25-b01 mixed mode linux-x86 )
# Failed to write core dump. Core dumps have been disabled. To enable core dumping, try "ulimit -c unlimited" before starting Java again
#

---------------  T H R E A D  ---------------

Current thread (0x08fd7800):  JavaThread "Unknown thread" [_thread_in_vm, id=7441, stack(0xb667e000,0xb66cf000)]

Stack: [0xb667e000,0xb66cf000]

---------------  P R O C E S S  ---------------

Java Threads: ( => current thread )

Other Threads:

=>0x08fd7800 (exited) JavaThread "Unknown thread" [_thread_in_vm, id=7441, stack(0xb667e000,0xb66cf000)]

VM state:not at safepoint (not fully initialized)

VM Mutex/Monitor currently owned by a thread: None

GC Heap History (0 events):
No events

Deoptimization events (0 events):
No events

Internal exceptions (0 events):
No events

Events (0 events):
No events


Dynamic libraries:
08048000-08051000 r-xp 00000000 08:06 404716     /usr/lib/jvm/java-6-openjdk-i386/jre/bin/java
08051000-08052000 rw-p 00008000 08:06 404716     /usr/lib/jvm/java-6-openjdk-i386/jre/bin/java
08fd0000-08ff1000 rw-p 00000000 00:00 0          [heap]
6d2e5000-6d2e6000 ---p 00000000 00:00 0 
6d2e6000-6d36e000 rw-p 00000000 00:00 0 
6d36e000-6d3a6000 rw-p 00000000 00:00 0 
6d3a6000-6d3bb000 rw-p 00000000 00:00 0 
6d3bb000-6d4f0000 rw-p 00000000 00:00 0 
6d4f0000-6d4f8000 rw-p 00000000 00:00 0 
6d4f8000-6d530000 rw-p 00000000 00:00 0 
6d530000-6d545000 rw-p 00000000 00:00 0 
6d545000-6d67a000 rw-p 00000000 00:00 0 
6d67a000-6d685000 rw-p 00000000 00:00 0 
6d685000-6d71f000 rw-p 00000000 00:00 0 
6d71f000-6e720000 rw-p 00000000 00:00 0 
6e720000-75720000 rw-p 00000000 00:00 0 
75720000-78060000 rw-p 00000000 00:00 0 
78060000-9eb20000 rw-p 00000000 00:00 0 
9eb20000-9ffc0000 rw-p 00000000 00:00 0 
9ffc0000-b3520000 rw-p 00000000 00:00 0 
b3526000-b352f000 rw-p 00000000 00:00 0 
b352f000-b35e6000 rw-p 00000000 00:00 0 
b35e6000-b3826000 rwxp 00000000 00:00 0 
b3826000-b65e6000 rw-p 00000000 00:00 0 
b65e6000-b65ee000 rw-s 00000000 08:06 1848261    /tmp/hsperfdata_11400555/7437
b65ee000-b6623000 r--s 00000000 08:06 678017     /var/cache/nscd/passwd
b6623000-b6636000 r-xp 00000000 08:06 659385     /lib/i386-linux-gnu/i686/cmov/libnsl-2.13.so
b6636000-b6637000 r--p 00012000 08:06 659385     /lib/i386-linux-gnu/i686/cmov/libnsl-2.13.so
b6637000-b6638000 rw-p 00013000 08:06 659385     /lib/i386-linux-gnu/i686/cmov/libnsl-2.13.so
b6638000-b663a000 rw-p 00000000 00:00 0 
b6644000-b664b000 r-xp 00000000 08:06 535962     /usr/lib/jvm/java-6-openjdk-i386/jre/lib/i386/libzip.so
b664b000-b664c000 rw-p 00007000 08:06 535962     /usr/lib/jvm/java-6-openjdk-i386/jre/lib/i386/libzip.so
b664c000-b6673000 r-xp 00000000 08:06 535941     /usr/lib/jvm/java-6-openjdk-i386/jre/lib/i386/libjava.so
b6673000-b6675000 rw-p 00027000 08:06 535941     /usr/lib/jvm/java-6-openjdk-i386/jre/lib/i386/libjava.so
b6675000-b667c000 r-xp 00000000 08:06 659377     /lib/i386-linux-gnu/i686/cmov/librt-2.13.so
b667c000-b667d000 r--p 00006000 08:06 659377     /lib/i386-linux-gnu/i686/cmov/librt-2.13.so
b667d000-b667e000 rw-p 00007000 08:06 659377     /lib/i386-linux-gnu/i686/cmov/librt-2.13.so
b667e000-b6681000 ---p 00000000 00:00 0 
b6681000-b66cf000 rw-p 00000000 00:00 0 
b66cf000-b66eb000 r-xp 00000000 08:06 655364     /lib/i386-linux-gnu/libgcc_s.so.1
b66eb000-b66ec000 rw-p 0001b000 08:06 655364     /lib/i386-linux-gnu/libgcc_s.so.1
b66ec000-b6710000 r-xp 00000000 08:06 659374     /lib/i386-linux-gnu/i686/cmov/libm-2.13.so
b6710000-b6711000 r--p 00023000 08:06 659374     /lib/i386-linux-gnu/i686/cmov/libm-2.13.so
b6711000-b6712000 rw-p 00024000 08:06 659374     /lib/i386-linux-gnu/i686/cmov/libm-2.13.so
b6712000-b67f2000 r-xp 00000000 08:06 266061     /usr/lib/i386-linux-gnu/libstdc++.so.6.0.17
b67f2000-b67f6000 r--p 000e0000 08:06 266061     /usr/lib/i386-linux-gnu/libstdc++.so.6.0.17
b67f6000-b67f7000 rw-p 000e4000 08:06 266061     /usr/lib/i386-linux-gnu/libstdc++.so.6.0.17
b67f7000-b67fe000 rw-p 00000000 00:00 0 
b67fe000-b70e6000 r-xp 00000000 08:06 535964     /usr/lib/jvm/java-6-openjdk-i386/jre/lib/i386/server/libjvm.so
b70e6000-b7141000 rw-p 008e7000 08:06 535964     /usr/lib/jvm/java-6-openjdk-i386/jre/lib/i386/server/libjvm.so
b7141000-b755e000 rw-p 00000000 00:00 0 
b755e000-b76bb000 r-xp 00000000 08:06 659391     /lib/i386-linux-gnu/i686/cmov/libc-2.13.so
b76bb000-b76bc000 ---p 0015d000 08:06 659391     /lib/i386-linux-gnu/i686/cmov/libc-2.13.so
b76bc000-b76be000 r--p 0015d000 08:06 659391     /lib/i386-linux-gnu/i686/cmov/libc-2.13.so
b76be000-b76bf000 rw-p 0015f000 08:06 659391     /lib/i386-linux-gnu/i686/cmov/libc-2.13.so
b76bf000-b76c2000 rw-p 00000000 00:00 0 
b76c2000-b76c4000 r-xp 00000000 08:06 659380     /lib/i386-linux-gnu/i686/cmov/libdl-2.13.so
b76c4000-b76c5000 r--p 00001000 08:06 659380     /lib/i386-linux-gnu/i686/cmov/libdl-2.13.so
b76c5000-b76c6000 rw-p 00002000 08:06 659380     /lib/i386-linux-gnu/i686/cmov/libdl-2.13.so
b76c6000-b76ca000 r-xp 00000000 08:06 535942     /usr/lib/jvm/java-6-openjdk-i386/jre/lib/i386/jli/libjli.so
b76ca000-b76cb000 rw-p 00003000 08:06 535942     /usr/lib/jvm/java-6-openjdk-i386/jre/lib/i386/jli/libjli.so
b76cb000-b76e0000 r-xp 00000000 08:06 659390     /lib/i386-linux-gnu/i686/cmov/libpthread-2.13.so
b76e0000-b76e1000 r--p 00014000 08:06 659390     /lib/i386-linux-gnu/i686/cmov/libpthread-2.13.so
b76e1000-b76e2000 rw-p 00015000 08:06 659390     /lib/i386-linux-gnu/i686/cmov/libpthread-2.13.so
b76e2000-b76e5000 rw-p 00000000 00:00 0 
b76e5000-b76fc000 r-xp 00000000 08:06 655451     /lib/i386-linux-gnu/libz.so.1.2.7
b76fc000-b76fd000 r--p 00016000 08:06 655451     /lib/i386-linux-gnu/libz.so.1.2.7
b76fd000-b76fe000 rw-p 00017000 08:06 655451     /lib/i386-linux-gnu/libz.so.1.2.7
b7700000-b7701000 rw-p 00000000 00:00 0 
b7701000-b7702000 r--p 00000000 00:00 0 
b7702000-b770f000 r-xp 00000000 08:06 535951     /usr/lib/jvm/java-6-openjdk-i386/jre/lib/i386/libverify.so
b770f000-b7710000 rw-p 0000c000 08:06 535951     /usr/lib/jvm/java-6-openjdk-i386/jre/lib/i386/libverify.so
b7710000-b7712000 rw-p 00000000 00:00 0 
b7712000-b7713000 r-xp 00000000 00:00 0          [vdso]
b7713000-b772f000 r-xp 00000000 08:06 655375     /lib/i386-linux-gnu/ld-2.13.so
b772f000-b7730000 r--p 0001b000 08:06 655375     /lib/i386-linux-gnu/ld-2.13.so
b7730000-b7731000 rw-p 0001c000 08:06 655375     /lib/i386-linux-gnu/ld-2.13.so
bf8b8000-bf8d9000 rw-p 00000000 00:00 0          [stack]

VM Arguments:
jvm_args: -Dfile.encoding=UTF-8 
java_command: Test_2048
Launcher Type: SUN_STANDARD

Environment Variables:
PATH=/usr/local/bin:/usr/bin:/bin:/usr/local/games:/usr/games
LD_LIBRARY_PATH=/usr/lib/jvm/java-6-openjdk-i386/jre/lib/i386/server:/usr/lib/jvm/java-6-openjdk-i386/jre/lib/i386:/usr/lib/jvm/java-6-openjdk-i386/jre/../lib/i386:/usr/lib/jvm/java-6-openjdk-i386/jre/lib/i386/client:/usr/lib/jvm/java-6-openjdk-i386/jre/lib/i386:
SHELL=/bin/bash
DISPLAY=:0.0

Signal Handlers:
SIGSEGV: [libjvm.so+0x724980], sa_mask[0]=0x7ffbfeff, sa_flags=0x10000004
SIGBUS: [libjvm.so+0x724980], sa_mask[0]=0x7ffbfeff, sa_flags=0x10000004
SIGFPE: [libjvm.so+0x5cd670], sa_mask[0]=0x7ffbfeff, sa_flags=0x10000004
SIGPIPE: [libjvm.so+0x5cd670], sa_mask[0]=0x7ffbfeff, sa_flags=0x10000004
SIGXFSZ: [libjvm.so+0x5cd670], sa_mask[0]=0x7ffbfeff, sa_flags=0x10000004
SIGILL: [libjvm.so+0x5cd670], sa_mask[0]=0x7ffbfeff, sa_flags=0x10000004
SIGUSR1: SIG_DFL, sa_mask[0]=0x00000000, sa_flags=0x00000000
SIGUSR2: [libjvm.so+0x5cd510], sa_mask[0]=0x00000004, sa_flags=0x10000004
SIGHUP: SIG_DFL, sa_mask[0]=0x00000000, sa_flags=0x00000000
SIGINT: SIG_DFL, sa_mask[0]=0x00000000, sa_flags=0x00000000
SIGTERM: SIG_DFL, sa_mask[0]=0x00000000, sa_flags=0x00000000
SIGQUIT: SIG_DFL, sa_mask[0]=0x00000000, sa_flags=0x00000000


---------------  S Y S T E M  ---------------

OS:7.5

uname:Linux 3.2.0-4-686-pae #1 SMP Debian 3.2.57-3 i686
libc:glibc 2.13 NPTL 2.13 
rlimit: STACK 8192k, CORE 0k, NPROC 500, NOFILE 4096, AS infinity
load average:0.50 0.21 0.17

/proc/meminfo:
MemTotal:        4051380 kB
MemFree:         2660340 kB
Buffers:           50908 kB
Cached:           692436 kB
SwapCached:            0 kB
Active:           847468 kB
Inactive:         479012 kB
Active(anon):     583524 kB
Inactive(anon):    60464 kB
Active(file):     263944 kB
Inactive(file):   418548 kB
Unevictable:           0 kB
Mlocked:               0 kB
HighTotal:       3185136 kB
HighFree:        1897768 kB
LowTotal:         866244 kB
LowFree:          762572 kB
SwapTotal:       2077400 kB
SwapFree:        2077400 kB
Dirty:               236 kB
Writeback:           100 kB
AnonPages:        583404 kB
Mapped:            88936 kB
Shmem:             60708 kB
Slab:              40784 kB
SReclaimable:      24648 kB
SUnreclaim:        16136 kB
KernelStack:        5280 kB
PageTables:         6888 kB
NFS_Unstable:         60 kB
Bounce:                0 kB
WritebackTmp:          0 kB
CommitLimit:     4103088 kB
Committed_AS:    4484308 kB
VmallocTotal:     122880 kB
VmallocUsed:       16712 kB
VmallocChunk:     103016 kB
HardwareCorrupted:     0 kB
AnonHugePages:         0 kB
HugePages_Total:       0
HugePages_Free:        0
HugePages_Rsvd:        0
HugePages_Surp:        0
Hugepagesize:       2048 kB
DirectMap4k:       10232 kB
DirectMap2M:      901120 kB


CPU:total 2 (2 cores per cpu, 1 threads per core) family 6 model 58 stepping 9, cmov, cx8, fxsr, mmx, sse, sse2, sse3, ssse3, sse4.1, sse4.2, popcnt, tsc, tscinvbit, tscinv

/proc/cpuinfo:
processor	: 0
vendor_id	: GenuineIntel
cpu family	: 6
model		: 58
model name	: Intel(R) Pentium(R) CPU G2020 @ 2.90GHz
stepping	: 9
microcode	: 0x16
cpu MHz		: 2900.000
cache size	: 3072 KB
physical id	: 0
siblings	: 2
core id		: 0
cpu cores	: 2
apicid		: 0
initial apicid	: 0
fdiv_bug	: no
hlt_bug		: no
f00f_bug	: no
coma_bug	: no
fpu		: yes
fpu_exception	: yes
cpuid level	: 13
wp		: yes
flags		: fpu vme de pse tsc msr pae mce cx8 apic sep mtrr pge mca cmov pat pse36 clflush dts acpi mmx fxsr sse sse2 ss ht tm pbe nx rdtscp lm constant_tsc arch_perfmon pebs bts xtopology nonstop_tsc aperfmperf pni pclmulqdq dtes64 monitor ds_cpl vmx est tm2 ssse3 cx16 xtpr pdcm pcid sse4_1 sse4_2 popcnt tsc_deadline_timer xsave lahf_lm arat epb xsaveopt pln pts dtherm tpr_shadow vnmi flexpriority ept vpid fsgsbase smep erms
bogomips	: 5787.38
clflush size	: 64
cache_alignment	: 64
address sizes	: 36 bits physical, 48 bits virtual
power management:

processor	: 1
vendor_id	: GenuineIntel
cpu family	: 6
model		: 58
model name	: Intel(R) Pentium(R) CPU G2020 @ 2.90GHz
stepping	: 9
microcode	: 0x16
cpu MHz		: 2900.000
cache size	: 3072 KB
physical id	: 0
siblings	: 2
core id		: 1
cpu cores	: 2
apicid		: 2
initial apicid	: 2
fdiv_bug	: no
hlt_bug		: no
f00f_bug	: no
coma_bug	: no
fpu		: yes
fpu_exception	: yes
cpuid level	: 13
wp		: yes
flags		: fpu vme de pse tsc msr pae mce cx8 apic sep mtrr pge mca cmov pat pse36 clflush dts acpi mmx fxsr sse sse2 ss ht tm pbe nx rdtscp lm constant_tsc arch_perfmon pebs bts xtopology nonstop_tsc aperfmperf pni pclmulqdq dtes64 monitor ds_cpl vmx est tm2 ssse3 cx16 xtpr pdcm pcid sse4_1 sse4_2 popcnt tsc_deadline_timer xsave lahf_lm arat epb xsaveopt pln pts dtherm tpr_shadow vnmi flexpriority ept vpid fsgsbase smep erms
bogomips	: 5786.81
clflush size	: 64
cache_alignment	: 64
address sizes	: 36 bits physical, 48 bits virtual
power management:



Memory: 4k page, physical 4051380k(2660340k free), swap 2077400k(2077400k free)

vm_info: OpenJDK Server VM (23.25-b01) for linux-x86 JRE (1.6.0_31-b31), built on Apr 23 2014 14:29:13 by "jmm" with gcc 4.7.2

time: Wed Apr  1 12:27:31 2015
elapsed time: 0 seconds

