#
# There is insufficient memory for the Java Runtime Environment to continue.
# Cannot create GC thread. Out of system resources.
# Possible reasons:
#   The system is out of physical RAM or swap space
#   In 32 bit mode, the process size limit was hit
# Possible solutions:
#   Reduce memory load on the system
#   Increase physical memory or swap space
#   Check if swap backing store is full
#   Use 64 bit Java on a 64 bit OS
#   Decrease Java heap size (-Xmx/-Xms)
#   Decrease number of Java threads
#   Decrease Java thread stack sizes (-Xss)
#   Set larger code cache with -XX:ReservedCodeCacheSize=
# This output file may be truncated or incomplete.
#
#  Out of Memory Error (gcTaskThread.cpp:46), pid=7439, tid=3076654784
#
# JRE version: 6.0_31-b31
# Java VM: OpenJDK Server VM (23.25-b01 mixed mode linux-x86 )
# Failed to write core dump. Core dumps have been disabled. To enable core dumping, try "ulimit -c unlimited" before starting Java again
#

---------------  T H R E A D  ---------------

Current thread (0x0838a800):  JavaThread "Unknown thread" [_thread_in_vm, id=7439, stack(0xbfcf5000,0xbfd45000)]

Stack: [0xbfcf5000,0xbfd45000]

---------------  P R O C E S S  ---------------

Java Threads: ( => current thread )

Other Threads:

=>0x0838a800 (exited) JavaThread "Unknown thread" [_thread_in_vm, id=7439, stack(0xbfcf5000,0xbfd45000)]

VM state:not at safepoint (not fully initialized)

VM Mutex/Monitor currently owned by a thread: None

GC Heap History (0 events):
No events

Deoptimization events (0 events):
No events

Internal exceptions (0 events):
No events

Events (0 events):
No events


Dynamic libraries:
08048000-08051000 r-xp 00000000 08:06 404716     /usr/lib/jvm/java-6-openjdk-i386/jre/bin/java
08051000-08052000 rw-p 00008000 08:06 404716     /usr/lib/jvm/java-6-openjdk-i386/jre/bin/java
08383000-083a4000 rw-p 00000000 00:00 0          [heap]
6d3b5000-6d3b6000 ---p 00000000 00:00 0 
6d3b6000-6d43e000 rw-p 00000000 00:00 0 
6d43e000-6d476000 rw-p 00000000 00:00 0 
6d476000-6d48b000 rw-p 00000000 00:00 0 
6d48b000-6d5c0000 rw-p 00000000 00:00 0 
6d5c0000-6d5c8000 rw-p 00000000 00:00 0 
6d5c8000-6d600000 rw-p 00000000 00:00 0 
6d600000-6d615000 rw-p 00000000 00:00 0 
6d615000-6d74a000 rw-p 00000000 00:00 0 
6d74a000-6d755000 rw-p 00000000 00:00 0 
6d755000-6d7ef000 rw-p 00000000 00:00 0 
6d7ef000-6e7f0000 rw-p 00000000 00:00 0 
6e7f0000-757f0000 rw-p 00000000 00:00 0 
757f0000-78130000 rw-p 00000000 00:00 0 
78130000-9ebf0000 rw-p 00000000 00:00 0 
9ebf0000-a0090000 rw-p 00000000 00:00 0 
a0090000-b35f0000 rw-p 00000000 00:00 0 
b35f2000-b35fb000 rw-p 00000000 00:00 0 
b35fb000-b36b2000 rw-p 00000000 00:00 0 
b36b2000-b38f2000 rwxp 00000000 00:00 0 
b38f2000-b66b2000 rw-p 00000000 00:00 0 
b66b2000-b66e7000 r--s 00000000 08:06 678017     /var/cache/nscd/passwd
b66e7000-b66fa000 r-xp 00000000 08:06 659385     /lib/i386-linux-gnu/i686/cmov/libnsl-2.13.so
b66fa000-b66fb000 r--p 00012000 08:06 659385     /lib/i386-linux-gnu/i686/cmov/libnsl-2.13.so
b66fb000-b66fc000 rw-p 00013000 08:06 659385     /lib/i386-linux-gnu/i686/cmov/libnsl-2.13.so
b66fc000-b66fe000 rw-p 00000000 00:00 0 
b6700000-b6707000 r-xp 00000000 08:06 535962     /usr/lib/jvm/java-6-openjdk-i386/jre/lib/i386/libzip.so
b6707000-b6708000 rw-p 00007000 08:06 535962     /usr/lib/jvm/java-6-openjdk-i386/jre/lib/i386/libzip.so
b6708000-b6710000 rw-s 00000000 08:06 1848263    /tmp/hsperfdata_11400555/7439
b6710000-b6737000 r-xp 00000000 08:06 535941     /usr/lib/jvm/java-6-openjdk-i386/jre/lib/i386/libjava.so
b6737000-b6739000 rw-p 00027000 08:06 535941     /usr/lib/jvm/java-6-openjdk-i386/jre/lib/i386/libjava.so
b6739000-b6740000 r-xp 00000000 08:06 659377     /lib/i386-linux-gnu/i686/cmov/librt-2.13.so
b6740000-b6741000 r--p 00006000 08:06 659377     /lib/i386-linux-gnu/i686/cmov/librt-2.13.so
b6741000-b6742000 rw-p 00007000 08:06 659377     /lib/i386-linux-gnu/i686/cmov/librt-2.13.so
b6742000-b6743000 ---p 00000000 00:00 0 
b6743000-b6793000 rw-p 00000000 00:00 0 
b6793000-b67af000 r-xp 00000000 08:06 655364     /lib/i386-linux-gnu/libgcc_s.so.1
b67af000-b67b0000 rw-p 0001b000 08:06 655364     /lib/i386-linux-gnu/libgcc_s.so.1
b67b0000-b67d4000 r-xp 00000000 08:06 659374     /lib/i386-linux-gnu/i686/cmov/libm-2.13.so
b67d4000-b67d5000 r--p 00023000 08:06 659374     /lib/i386-linux-gnu/i686/cmov/libm-2.13.so
b67d5000-b67d6000 rw-p 00024000 08:06 659374     /lib/i386-linux-gnu/i686/cmov/libm-2.13.so
b67d6000-b68b6000 r-xp 00000000 08:06 266061     /usr/lib/i386-linux-gnu/libstdc++.so.6.0.17
b68b6000-b68ba000 r--p 000e0000 08:06 266061     /usr/lib/i386-linux-gnu/libstdc++.so.6.0.17
b68ba000-b68bb000 rw-p 000e4000 08:06 266061     /usr/lib/i386-linux-gnu/libstdc++.so.6.0.17
b68bb000-b68c2000 rw-p 00000000 00:00 0 
b68c2000-b71aa000 r-xp 00000000 08:06 535964     /usr/lib/jvm/java-6-openjdk-i386/jre/lib/i386/server/libjvm.so
b71aa000-b7205000 rw-p 008e7000 08:06 535964     /usr/lib/jvm/java-6-openjdk-i386/jre/lib/i386/server/libjvm.so
b7205000-b7622000 rw-p 00000000 00:00 0 
b7622000-b777f000 r-xp 00000000 08:06 659391     /lib/i386-linux-gnu/i686/cmov/libc-2.13.so
b777f000-b7780000 ---p 0015d000 08:06 659391     /lib/i386-linux-gnu/i686/cmov/libc-2.13.so
b7780000-b7782000 r--p 0015d000 08:06 659391     /lib/i386-linux-gnu/i686/cmov/libc-2.13.so
b7782000-b7783000 rw-p 0015f000 08:06 659391     /lib/i386-linux-gnu/i686/cmov/libc-2.13.so
b7783000-b7786000 rw-p 00000000 00:00 0 
b7786000-b7788000 r-xp 00000000 08:06 659380     /lib/i386-linux-gnu/i686/cmov/libdl-2.13.so
b7788000-b7789000 r--p 00001000 08:06 659380     /lib/i386-linux-gnu/i686/cmov/libdl-2.13.so
b7789000-b778a000 rw-p 00002000 08:06 659380     /lib/i386-linux-gnu/i686/cmov/libdl-2.13.so
b778a000-b778e000 r-xp 00000000 08:06 535942     /usr/lib/jvm/java-6-openjdk-i386/jre/lib/i386/jli/libjli.so
b778e000-b778f000 rw-p 00003000 08:06 535942     /usr/lib/jvm/java-6-openjdk-i386/jre/lib/i386/jli/libjli.so
b778f000-b77a4000 r-xp 00000000 08:06 659390     /lib/i386-linux-gnu/i686/cmov/libpthread-2.13.so
b77a4000-b77a5000 r--p 00014000 08:06 659390     /lib/i386-linux-gnu/i686/cmov/libpthread-2.13.so
b77a5000-b77a6000 rw-p 00015000 08:06 659390     /lib/i386-linux-gnu/i686/cmov/libpthread-2.13.so
b77a6000-b77a9000 rw-p 00000000 00:00 0 
b77a9000-b77c0000 r-xp 00000000 08:06 655451     /lib/i386-linux-gnu/libz.so.1.2.7
b77c0000-b77c1000 r--p 00016000 08:06 655451     /lib/i386-linux-gnu/libz.so.1.2.7
b77c1000-b77c2000 rw-p 00017000 08:06 655451     /lib/i386-linux-gnu/libz.so.1.2.7
b77c4000-b77c5000 rw-p 00000000 00:00 0 
b77c5000-b77c6000 r--p 00000000 00:00 0 
b77c6000-b77d3000 r-xp 00000000 08:06 535951     /usr/lib/jvm/java-6-openjdk-i386/jre/lib/i386/libverify.so
b77d3000-b77d4000 rw-p 0000c000 08:06 535951     /usr/lib/jvm/java-6-openjdk-i386/jre/lib/i386/libverify.so
b77d4000-b77d6000 rw-p 00000000 00:00 0 
b77d6000-b77d7000 r-xp 00000000 00:00 0          [vdso]
b77d7000-b77f3000 r-xp 00000000 08:06 655375     /lib/i386-linux-gnu/ld-2.13.so
b77f3000-b77f4000 r--p 0001b000 08:06 655375     /lib/i386-linux-gnu/ld-2.13.so
b77f4000-b77f5000 rw-p 0001c000 08:06 655375     /lib/i386-linux-gnu/ld-2.13.so
bfcf5000-bfcf8000 ---p 00000000 00:00 0 
bfcf9000-bfd45000 rw-p 00000000 00:00 0          [stack]

VM Arguments:
jvm_args: -Dfile.encoding=UTF-8 
java_command: Test_2048
Launcher Type: SUN_STANDARD

Environment Variables:
PATH=/usr/local/bin:/usr/bin:/bin:/usr/local/games:/usr/games
LD_LIBRARY_PATH=/usr/lib/jvm/java-6-openjdk-i386/jre/lib/i386/server:/usr/lib/jvm/java-6-openjdk-i386/jre/lib/i386:/usr/lib/jvm/java-6-openjdk-i386/jre/../lib/i386:/usr/lib/jvm/java-6-openjdk-i386/jre/lib/i386/client:/usr/lib/jvm/java-6-openjdk-i386/jre/lib/i386:
SHELL=/bin/bash
DISPLAY=:0.0

Signal Handlers:
SIGSEGV: [libjvm.so+0x724980], sa_mask[0]=0x7ffbfeff, sa_flags=0x10000004
SIGBUS: [libjvm.so+0x724980], sa_mask[0]=0x7ffbfeff, sa_flags=0x10000004
SIGFPE: [libjvm.so+0x5cd670], sa_mask[0]=0x7ffbfeff, sa_flags=0x10000004
SIGPIPE: [libjvm.so+0x5cd670], sa_mask[0]=0x7ffbfeff, sa_flags=0x10000004
SIGXFSZ: [libjvm.so+0x5cd670], sa_mask[0]=0x7ffbfeff, sa_flags=0x10000004
SIGILL: [libjvm.so+0x5cd670], sa_mask[0]=0x7ffbfeff, sa_flags=0x10000004
SIGUSR1: SIG_DFL, sa_mask[0]=0x00000000, sa_flags=0x00000000
SIGUSR2: [libjvm.so+0x5cd510], sa_mask[0]=0x00000004, sa_flags=0x10000004
SIGHUP: SIG_DFL, sa_mask[0]=0x00000000, sa_flags=0x00000000
SIGINT: SIG_DFL, sa_mask[0]=0x00000000, sa_flags=0x00000000
SIGTERM: SIG_DFL, sa_mask[0]=0x00000000, sa_flags=0x00000000
SIGQUIT: SIG_DFL, sa_mask[0]=0x00000000, sa_flags=0x00000000


---------------  S Y S T E M  ---------------

OS:7.5

uname:Linux 3.2.0-4-686-pae #1 SMP Debian 3.2.57-3 i686
libc:glibc 2.13 NPTL 2.13 
rlimit: STACK 8192k, CORE 0k, NPROC 500, NOFILE 4096, AS infinity
load average:0.50 0.21 0.17

/proc/meminfo:
MemTotal:        4051380 kB
MemFree:         2660712 kB
Buffers:           50908 kB
Cached:           692584 kB
SwapCached:            0 kB
Active:           846968 kB
Inactive:         479012 kB
Active(anon):     583024 kB
Inactive(anon):    60464 kB
Active(file):     263944 kB
Inactive(file):   418548 kB
Unevictable:           0 kB
Mlocked:               0 kB
HighTotal:       3185136 kB
HighFree:        1898140 kB
LowTotal:         866244 kB
LowFree:          762572 kB
SwapTotal:       2077400 kB
SwapFree:        2077400 kB
Dirty:               236 kB
Writeback:           100 kB
AnonPages:        582664 kB
Mapped:            88936 kB
Shmem:             60708 kB
Slab:              40784 kB
SReclaimable:      24648 kB
SUnreclaim:        16136 kB
KernelStack:        5280 kB
PageTables:         6888 kB
NFS_Unstable:         60 kB
Bounce:                0 kB
WritebackTmp:          0 kB
CommitLimit:     4103088 kB
Committed_AS:    4479160 kB
VmallocTotal:     122880 kB
VmallocUsed:       16712 kB
VmallocChunk:     103016 kB
HardwareCorrupted:     0 kB
AnonHugePages:         0 kB
HugePages_Total:       0
HugePages_Free:        0
HugePages_Rsvd:        0
HugePages_Surp:        0
Hugepagesize:       2048 kB
DirectMap4k:       10232 kB
DirectMap2M:      901120 kB


CPU:total 2 (2 cores per cpu, 1 threads per core) family 6 model 58 stepping 9, cmov, cx8, fxsr, mmx, sse, sse2, sse3, ssse3, sse4.1, sse4.2, popcnt, tsc, tscinvbit, tscinv

/proc/cpuinfo:
processor	: 0
vendor_id	: GenuineIntel
cpu family	: 6
model		: 58
model name	: Intel(R) Pentium(R) CPU G2020 @ 2.90GHz
stepping	: 9
microcode	: 0x16
cpu MHz		: 2900.000
cache size	: 3072 KB
physical id	: 0
siblings	: 2
core id		: 0
cpu cores	: 2
apicid		: 0
initial apicid	: 0
fdiv_bug	: no
hlt_bug		: no
f00f_bug	: no
coma_bug	: no
fpu		: yes
fpu_exception	: yes
cpuid level	: 13
wp		: yes
flags		: fpu vme de pse tsc msr pae mce cx8 apic sep mtrr pge mca cmov pat pse36 clflush dts acpi mmx fxsr sse sse2 ss ht tm pbe nx rdtscp lm constant_tsc arch_perfmon pebs bts xtopology nonstop_tsc aperfmperf pni pclmulqdq dtes64 monitor ds_cpl vmx est tm2 ssse3 cx16 xtpr pdcm pcid sse4_1 sse4_2 popcnt tsc_deadline_timer xsave lahf_lm arat epb xsaveopt pln pts dtherm tpr_shadow vnmi flexpriority ept vpid fsgsbase smep erms
bogomips	: 5787.38
clflush size	: 64
cache_alignment	: 64
address sizes	: 36 bits physical, 48 bits virtual
power management:

processor	: 1
vendor_id	: GenuineIntel
cpu family	: 6
model		: 58
model name	: Intel(R) Pentium(R) CPU G2020 @ 2.90GHz
stepping	: 9
microcode	: 0x16
cpu MHz		: 2900.000
cache size	: 3072 KB
physical id	: 0
siblings	: 2
core id		: 1
cpu cores	: 2
apicid		: 2
initial apicid	: 2
fdiv_bug	: no
hlt_bug		: no
f00f_bug	: no
coma_bug	: no
fpu		: yes
fpu_exception	: yes
cpuid level	: 13
wp		: yes
flags		: fpu vme de pse tsc msr pae mce cx8 apic sep mtrr pge mca cmov pat pse36 clflush dts acpi mmx fxsr sse sse2 ss ht tm pbe nx rdtscp lm constant_tsc arch_perfmon pebs bts xtopology nonstop_tsc aperfmperf pni pclmulqdq dtes64 monitor ds_cpl vmx est tm2 ssse3 cx16 xtpr pdcm pcid sse4_1 sse4_2 popcnt tsc_deadline_timer xsave lahf_lm arat epb xsaveopt pln pts dtherm tpr_shadow vnmi flexpriority ept vpid fsgsbase smep erms
bogomips	: 5786.81
clflush size	: 64
cache_alignment	: 64
address sizes	: 36 bits physical, 48 bits virtual
power management:



Memory: 4k page, physical 4051380k(2660712k free), swap 2077400k(2077400k free)

vm_info: OpenJDK Server VM (23.25-b01) for linux-x86 JRE (1.6.0_31-b31), built on Apr 23 2014 14:29:13 by "jmm" with gcc 4.7.2

time: Wed Apr  1 12:27:31 2015
elapsed time: 0 seconds

